Initializing document watcher...
Document watcher initialized
/User/settings.json: Using EditorConfig core...
chrismuchemi77/helloworld/main.py: {}
chrismuchemi77/helloworld/main.py: {}
chrismuchemi77/helloworld/main.py: Using EditorConfig core...
chrismuchemi77/helloworld/main.py: {}
chrismuchemi77/helloworld/main.py: {}
chrismuchemi77/helloworld/requirements.txt: {}
chrismuchemi77/helloworld/requirements.txt: {}
chrismuchemi77/helloworld/requirements.txt: {}
chrismuchemi77/helloworld/requirements.txt: {}
chrismuchemi77/helloworld/requirements.txt: {}
chrismuchemi77/helloworld/requirements.txt: {}
chrismuchemi77/helloworld/requirements.txt: Using EditorConfig core...
chrismuchemi77/helloworld/main.py: {}
chrismuchemi77/helloworld/main.py: Using EditorConfig core...
chrismuchemi77/helloworld/main.py: Using EditorConfig core...
chrismuchemi77/helloworld/requirements.txt: {}
chrismuchemi77/helloworld/requirements.txt: Using EditorConfig core...
chrismuchemi77/helloworld/requirements.txt: {}
chrismuchemi77/helloworld/app.yaml: {}
chrismuchemi77/helloworld/app.yaml: {}
chrismuchemi77/helloworld/app.yaml: {}
chrismuchemi77/helloworld/app.yaml: {}
chrismuchemi77/helloworld/app.yaml: Using EditorConfig core...
chrismuchemi77/helloworld/app.yaml: {}
chrismuchemi77/helloworld/main.py: {}
chrismuchemi77/helloworld/requirements.txt: {}
chrismuchemi77/helloworld/app.yaml: {}
chrismuchemi77/helloworld/app.yaml: {}
chrismuchemi77/helloworld/app.yaml: {}
chrismuchemi77/helloworld/main.py: {}
chrismuchemi77/helloworld/main.py: {}
