2025-11-03 17:22:02.417 [warning] Dir "/home/chrismuchemi77/.pixi/envs" is not watchable (directory does not exist)
2025-11-03 17:22:02.417 [info] Starting Environment refresh
2025-11-03 17:22:02.417 [info] Searching for interpreters in posix paths locator
2025-11-03 17:22:02.417 [info] Searching for pyenv environments
2025-11-03 17:22:02.417 [info] Searching for conda environments
2025-11-03 17:22:02.417 [info] Searching for global virtual environments
2025-11-03 17:22:02.417 [info] Searching for custom virtual environments
2025-11-03 17:22:02.417 [info] pyenv is not installed
2025-11-03 17:22:02.417 [info] Finished searching for pyenv environments: 33 milliseconds
2025-11-03 17:22:02.417 [info] Finished searching for custom virtual envs: 31 milliseconds
2025-11-03 17:22:02.417 [info] > conda info --json
2025-11-03 17:22:02.417 [info] > hatch env show --json
2025-11-03 17:22:02.417 [info] cwd: .
2025-11-03 17:22:02.417 [info] > pyenv which python
2025-11-03 17:22:02.417 [info] cwd: .
2025-11-03 17:22:02.417 [info] Finished searching for global virtual envs: 80 milliseconds
2025-11-03 17:22:02.420 [info] Found: /bin/python --> /bin/python3.12
2025-11-03 17:22:02.426 [info] Found: /bin/python3 --> /bin/python3.12
2025-11-03 17:22:02.428 [info] Found: /bin/python3.12 --> /bin/python3.12
2025-11-03 17:22:02.501 [info] Found: /usr/bin/python --> /usr/bin/python3.12
2025-11-03 17:22:02.507 [info] Found: /usr/bin/python3 --> /usr/bin/python3.12
2025-11-03 17:22:02.508 [info] Found: /usr/bin/python3.12 --> /usr/bin/python3.12
2025-11-03 17:22:02.601 [info] Finished searching for interpreters in posix paths locator: 274 milliseconds
2025-11-03 17:22:02.601 [info] > /bin/python -I /google/devshell/editor/code-oss-for-cloud-shell/extensions/ms-python.python/python_files/get_output_via_markers.py /google/devshell/editor/code-oss-for-cloud-shell/extensions/ms-python.python/python_files/interpreterInfo.py
2025-11-03 17:22:02.648 [info] > /usr/bin/python -I /google/devshell/editor/code-oss-for-cloud-shell/extensions/ms-python.python/python_files/get_output_via_markers.py /google/devshell/editor/code-oss-for-cloud-shell/extensions/ms-python.python/python_files/interpreterInfo.py
2025-11-03 17:22:02.648 [info] Environments refresh paths discovered (event): 331 milliseconds
2025-11-03 17:22:02.648 [info] Environments refresh paths discovered: 331 milliseconds
2025-11-03 17:22:02.718 [info] Environments refresh finished (event): 401 milliseconds
2025-11-03 17:22:02.729 [info] Environment refresh took 412 milliseconds
2025-11-03 17:22:02.741 [info] Python interpreter path: /bin/python
2025-11-03 17:22:06.132 [info] Starting Jedi language server for chrismuchemi77.
2025-11-03 17:22:19.191 [info] Discover tests for workspace name: chrismuchemi77 - uri: /home/chrismuchemi77/helloworld/main.py
2025-11-03 17:23:28.953 [info] Running installed packages checker:  {
  id: '/bin/python',
  sysPrefix: '/usr',
  envType: 'Global',
  envName: '',
  envPath: '',
  path: '/bin/python',
  architecture: 3,
  sysVersion: '3.12.3 (main, Aug 14 2025, 17:47:21) [GCC 13.3.0]',
  version: {
    raw: '3.12.3',
    major: 3,
    minor: 12,
    patch: 3,
    build: [],
    prerelease: [ 'final', '0' ]
  },
  displayName: 'Python 3.12.3 64-bit',
  detailedDisplayName: 'Python 3.12.3 64-bit',
  type: undefined
} /google/devshell/editor/code-oss-for-cloud-shell/extensions/ms-python.python/python_files/installed_check.py /home/chrismuchemi77/helloworld/requirements.txt
2025-11-03 17:23:28.953 [info] > /bin/python /google/devshell/editor/code-oss-for-cloud-shell/extensions/ms-python.python/python_files/installed_check.py ./helloworld/requirements.txt
2025-11-03 17:24:21.438 [info] Running installed packages checker:  {
  id: '/bin/python',
  sysPrefix: '/usr',
  envType: 'Global',
  envName: '',
  envPath: '',
  path: '/bin/python',
  architecture: 3,
  sysVersion: '3.12.3 (main, Aug 14 2025, 17:47:21) [GCC 13.3.0]',
  version: {
    raw: '3.12.3',
    major: 3,
    minor: 12,
    patch: 3,
    build: [],
    prerelease: [ 'final', '0' ]
  },
  displayName: 'Python 3.12.3 64-bit',
  detailedDisplayName: 'Python 3.12.3 64-bit',
  type: undefined
} /google/devshell/editor/code-oss-for-cloud-shell/extensions/ms-python.python/python_files/installed_check.py /home/chrismuchemi77/helloworld/requirements.txt
2025-11-03 17:24:21.439 [info] > /bin/python /google/devshell/editor/code-oss-for-cloud-shell/extensions/ms-python.python/python_files/installed_check.py ./helloworld/requirements.txt
2025-11-03 17:24:30.521 [info] Discover tests for workspace name: chrismuchemi77 - uri: /home/chrismuchemi77/helloworld/main.py
2025-11-03 17:24:33.109 [info] Discover tests for workspace name: chrismuchemi77 - uri: /home/chrismuchemi77/helloworld/main.py
2025-11-03 17:24:47.549 [info] Running installed packages checker:  {
  id: '/bin/python',
  sysPrefix: '/usr',
  envType: 'Global',
  envName: '',
  envPath: '',
  path: '/bin/python',
  architecture: 3,
  sysVersion: '3.12.3 (main, Aug 14 2025, 17:47:21) [GCC 13.3.0]',
  version: {
    raw: '3.12.3',
    major: 3,
    minor: 12,
    patch: 3,
    build: [],
    prerelease: [ 'final', '0' ]
  },
  displayName: 'Python 3.12.3 64-bit',
  detailedDisplayName: 'Python 3.12.3 64-bit',
  type: undefined
} /google/devshell/editor/code-oss-for-cloud-shell/extensions/ms-python.python/python_files/installed_check.py /home/chrismuchemi77/helloworld/requirements.txt
2025-11-03 17:24:47.549 [info] > /bin/python /google/devshell/editor/code-oss-for-cloud-shell/extensions/ms-python.python/python_files/installed_check.py ./helloworld/requirements.txt
2025-11-03 17:26:25.578 [info] Send text to terminal: /bin/python /home/chrismuchemi77/helloworld/main.py
