2025-11-03 17:21:53.241 [info] [main] Log level: Info
2025-11-03 17:21:53.241 [info] [main] Validating found git in: "git"
2025-11-03 17:21:53.241 [info] [main] Using git "2.43.0" from "git"
2025-11-03 17:21:53.241 [info] [Model][doInitialScan] Initial repository scan started
2025-11-03 17:21:53.241 [info] > git rev-parse --show-toplevel [5ms]
2025-11-03 17:21:53.241 [info] fatal: not a git repository (or any parent up to mount point /)
Stopping at filesystem boundary (GIT_DISCOVERY_ACROSS_FILESYSTEM not set).
2025-11-03 17:21:53.241 [info] > git rev-parse --show-toplevel [2ms]
2025-11-03 17:21:53.241 [info] fatal: not a git repository (or any parent up to mount point /)
Stopping at filesystem boundary (GIT_DISCOVERY_ACROSS_FILESYSTEM not set).
2025-11-03 17:21:53.241 [info] > git rev-parse --show-toplevel [1ms]
2025-11-03 17:21:53.241 [info] fatal: not a git repository (or any parent up to mount point /)
Stopping at filesystem boundary (GIT_DISCOVERY_ACROSS_FILESYSTEM not set).
2025-11-03 17:21:53.241 [info] > git rev-parse --show-toplevel [1ms]
2025-11-03 17:21:53.241 [info] fatal: not a git repository (or any parent up to mount point /)
Stopping at filesystem boundary (GIT_DISCOVERY_ACROSS_FILESYSTEM not set).
2025-11-03 17:21:53.241 [info] > git rev-parse --show-toplevel [1ms]
2025-11-03 17:21:53.241 [info] fatal: not a git repository (or any parent up to mount point /)
Stopping at filesystem boundary (GIT_DISCOVERY_ACROSS_FILESYSTEM not set).
2025-11-03 17:21:53.241 [info] > git rev-parse --show-toplevel [1ms]
2025-11-03 17:21:53.241 [info] fatal: not a git repository (or any parent up to mount point /)
Stopping at filesystem boundary (GIT_DISCOVERY_ACROSS_FILESYSTEM not set).
2025-11-03 17:21:53.241 [info] > git rev-parse --show-toplevel [1ms]
2025-11-03 17:21:53.241 [info] fatal: not a git repository (or any parent up to mount point /)
Stopping at filesystem boundary (GIT_DISCOVERY_ACROSS_FILESYSTEM not set).
2025-11-03 17:21:53.241 [info] > git rev-parse --show-toplevel [1ms]
2025-11-03 17:21:53.241 [info] fatal: not a git repository (or any parent up to mount point /)
Stopping at filesystem boundary (GIT_DISCOVERY_ACROSS_FILESYSTEM not set).
2025-11-03 17:21:53.241 [info] [Model][doInitialScan] Initial repository scan completed - repositories (0), closed repositories (0), parent repositories (0), unsafe repositories (0)
2025-11-03 17:22:00.878 [info] > git rev-parse --show-toplevel [2ms]
2025-11-03 17:22:00.878 [info] fatal: not a git repository (or any parent up to mount point /)
Stopping at filesystem boundary (GIT_DISCOVERY_ACROSS_FILESYSTEM not set).
2025-11-03 17:22:01.277 [info] > git rev-parse --show-toplevel [1ms]
2025-11-03 17:22:01.277 [info] fatal: not a git repository (or any parent up to mount point /)
Stopping at filesystem boundary (GIT_DISCOVERY_ACROSS_FILESYSTEM not set).
2025-11-03 17:22:01.578 [info] > git rev-parse --show-toplevel [21ms]
2025-11-03 17:22:01.578 [info] fatal: not a git repository (or any parent up to mount point /)
Stopping at filesystem boundary (GIT_DISCOVERY_ACROSS_FILESYSTEM not set).
2025-11-03 17:23:29.216 [info] > git rev-parse --show-toplevel [4ms]
2025-11-03 17:23:29.216 [info] fatal: not a git repository (or any parent up to mount point /)
Stopping at filesystem boundary (GIT_DISCOVERY_ACROSS_FILESYSTEM not set).
2025-11-03 17:24:22.340 [info] > git rev-parse --show-toplevel [4ms]
2025-11-03 17:24:22.340 [info] fatal: not a git repository (or any parent up to mount point /)
Stopping at filesystem boundary (GIT_DISCOVERY_ACROSS_FILESYSTEM not set).
2025-11-03 17:24:41.006 [info] > git rev-parse --show-toplevel [4ms]
2025-11-03 17:24:41.006 [info] fatal: not a git repository (or any parent up to mount point /)
Stopping at filesystem boundary (GIT_DISCOVERY_ACROSS_FILESYSTEM not set).
2025-11-03 17:25:22.681 [info] > git rev-parse --show-toplevel [6ms]
2025-11-03 17:25:22.681 [info] fatal: not a git repository (or any parent up to mount point /)
Stopping at filesystem boundary (GIT_DISCOVERY_ACROSS_FILESYSTEM not set).
2025-11-03 17:26:22.004 [info] > git rev-parse --show-toplevel [4ms]
2025-11-03 17:26:22.004 [info] fatal: not a git repository (or any parent up to mount point /)
Stopping at filesystem boundary (GIT_DISCOVERY_ACROSS_FILESYSTEM not set).
2025-11-03 17:26:39.911 [info] > git rev-parse --show-toplevel [3ms]
2025-11-03 17:26:39.911 [info] fatal: not a git repository (or any parent up to mount point /)
Stopping at filesystem boundary (GIT_DISCOVERY_ACROSS_FILESYSTEM not set).
2025-11-03 17:26:42.921 [info] > git rev-parse --show-toplevel [6ms]
2025-11-03 17:26:42.921 [info] fatal: not a git repository (or any parent up to mount point /)
Stopping at filesystem boundary (GIT_DISCOVERY_ACROSS_FILESYSTEM not set).
2025-11-03 17:27:38.959 [info] > git rev-parse --show-toplevel [3ms]
2025-11-03 17:27:38.959 [info] fatal: not a git repository (or any parent up to mount point /)
Stopping at filesystem boundary (GIT_DISCOVERY_ACROSS_FILESYSTEM not set).
